Pipeline_LangFang_gaicaiji2/app/build/outputs/logs/manifest-merger-debug-report.txt
-- Merging decision tree log ---
manifest
ADDED from src\main\AndroidManifest.xml:2:1-614:12
INJECTED from src\main\AndroidManifest.xml:2:1-614:12
INJECTED from src\main\AndroidManifest.xml:2:1-614:12
INJECTED from src\main\AndroidManifest.xml:2:1-614:12
INJECTED from src\main\AndroidManifest.xml:2:1-614:12
INJECTED from src\main\AndroidManifest.xml:2:1-614:12
INJECTED from src\main\AndroidManifest.xml:2:1-614:12
	package
		ADDED from src\main\AndroidManifest.xml:3:5-41
		INJECTED from src\main\AndroidManifest.xml
		INJECTED from src\main\AndroidManifest.xml
	android:versionName
		ADDED from src\main\AndroidManifest.xml:6:5-32
		INJECTED from src\main\AndroidManifest.xml
		INJECTED from src\main\AndroidManifest.xml
	xmlns:android
		ADDED from src\main\AndroidManifest.xml:2:11-69
	android:versionCode
		ADDED from src\main\AndroidManifest.xml:4:5-28
		INJECTED from src\main\AndroidManifest.xml
		INJECTED from src\main\AndroidManifest.xml
	android:installLocation
		ADDED from src\main\AndroidManifest.xml:5:5-35
uses-permission#android.permission.VIBRATE
ADDED from src\main\AndroidManifest.xml:8:5-66
	android:name
		ADDED from src\main\AndroidManifest.xml:8:22-63
uses-sdk
ADDED from src\main\AndroidManifest.xml:9:5-73
INJECTED from src\main\AndroidManifest.xml:9:5-73
INJECTED from src\main\AndroidManifest.xml:9:5-73
INJECTED from src\main\AndroidManifest.xml:9:5-73
INJECTED from src\main\AndroidManifest.xml:9:5-73
	android:targetSdkVersion
		ADDED from src\main\AndroidManifest.xml:9:42-71
		INJECTED from src\main\AndroidManifest.xml
		INJECTED from src\main\AndroidManifest.xml
	android:minSdkVersion
		ADDED from src\main\AndroidManifest.xml:9:15-40
		INJECTED from src\main\AndroidManifest.xml
		INJECTED from src\main\AndroidManifest.xml
uses-feature#0x00020000
ADDED from src\main\AndroidManifest.xml:10:5-77
	android:glEsVersion
		ADDED from src\main\AndroidManifest.xml:10:19-51
	android:required
		ADDED from src\main\AndroidManifest.xml:10:52-75
application
ADDED from src\main\AndroidManifest.xml:11:5-560:19
	android:label
		ADDED from src\main\AndroidManifest.xml:14:9-41
	android:icon
		ADDED from src\main\AndroidManifest.xml:13:9-38
	android:name
		ADDED from src\main\AndroidManifest.xml:12:9-39
service#com.geok.langfang.pipeline.UpService
ADDED from src\main\AndroidManifest.xml:15:9-19:19
	android:name
		ADDED from src\main\AndroidManifest.xml:15:18-43
intent-filter#com.geok.langfang.pipeline.UpService
ADDED from src\main\AndroidManifest.xml:16:13-18:29
action#com.geok.langfang.pipeline.UpService
ADDED from src\main\AndroidManifest.xml:17:17-79
	android:name
		ADDED from src\main\AndroidManifest.xml:17:25-76
activity#com.geok.langfang.pipeline.Start
ADDED from src\main\AndroidManifest.xml:21:9-31:20
	android:screenOrientation
		ADDED from src\main\AndroidManifest.xml:24:13-49
	android:label
		ADDED from src\main\AndroidManifest.xml:23:13-45
	android:theme
		ADDED from src\main\AndroidManifest.xml:25:13-77
	android:name
		ADDED from src\main\AndroidManifest.xml:22:13-34
intent-filter#android.intent.action.MAIN+android.intent.category.LAUNCHER
ADDED from src\main\AndroidManifest.xml:26:13-30:29
action#android.intent.action.MAIN
ADDED from src\main\AndroidManifest.xml:27:17-69
	android:name
		ADDED from src\main\AndroidManifest.xml:27:25-66
category#android.intent.category.LAUNCHER
ADDED from src\main\AndroidManifest.xml:29:17-77
	android:name
		ADDED from src\main\AndroidManifest.xml:29:27-74
activity#com.geok.langfang.pipeline.Login
ADDED from src\main\AndroidManifest.xml:32:9-37:20
	android:screenOrientation
		ADDED from src\main\AndroidManifest.xml:34:13-49
	android:windowSoftInputMode
		ADDED from src\main\AndroidManifest.xml:36:13-52
	android:theme
		ADDED from src\main\AndroidManifest.xml:35:13-77
	android:name
		ADDED from src\main\AndroidManifest.xml:33:13-34
activity#org.achartengine.GraphicalActivity
ADDED from src\main\AndroidManifest.xml:38:9-71
	android:name
		ADDED from src\main\AndroidManifest.xml:38:19-68
activity#com.geok.langfang.pipeline.map.MainMap
ADDED from src\main\AndroidManifest.xml:39:9-43:20
	android:screenOrientation
		ADDED from src\main\AndroidManifest.xml:41:13-49
	android:theme
		ADDED from src\main\AndroidManifest.xml:42:13-77
	android:name
		ADDED from src\main\AndroidManifest.xml:40:13-40
activity#com.geok.langfang.pipeline.map.BaiduMap
ADDED from src\main\AndroidManifest.xml:44:9-48:20
	android:screenOrientation
		ADDED from src\main\AndroidManifest.xml:46:13-49
	android:theme
		ADDED from src\main\AndroidManifest.xml:47:13-77
	android:name
		ADDED from src\main\AndroidManifest.xml:45:13-41
activity#com.geok.langfang.pipeline.map.ArcMap
ADDED from src\main\AndroidManifest.xml:49:9-53:20
	android:screenOrientation
		ADDED from src\main\AndroidManifest.xml:51:13-49
	android:theme
		ADDED from src\main\AndroidManifest.xml:52:13-77
	android:name
		ADDED from src\main\AndroidManifest.xml:50:13-39
activity#com.geok.langfang.pipeline.MainView
ADDED from src\main\AndroidManifest.xml:54:9-58:20
	android:screenOrientation
		ADDED from src\main\AndroidManifest.xml:56:13-49
	android:theme
		ADDED from src\main\AndroidManifest.xml:57:13-66
	android:name
		ADDED from src\main\AndroidManifest.xml:55:13-37
activity#com.geok.langfang.pipeline.HelpActivity
ADDED from src\main\AndroidManifest.xml:64:9-68:20
	android:screenOrientation
		ADDED from src\main\AndroidManifest.xml:66:13-49
	android:theme
		ADDED from src\main\AndroidManifest.xml:67:13-66
	android:name
		ADDED from src\main\AndroidManifest.xml:65:13-41
activity#com.geok.langfang.pipeline.statistics.StatisticsActivity
ADDED from src\main\AndroidManifest.xml:69:9-74:20
	android:screenOrientation
		ADDED from src\main\AndroidManifest.xml:71:13-49
	android:windowSoftInputMode
		ADDED from src\main\AndroidManifest.xml:73:13-52
	android:theme
		ADDED from src\main\AndroidManifest.xml:72:13-66
	android:name
		ADDED from src\main\AndroidManifest.xml:70:13-58
activity#com.geok.langfang.pipeline.statistics.ItemGRActivity
ADDED from src\main\AndroidManifest.xml:75:9-80:20
	android:screenOrientation
		ADDED from src\main\AndroidManifest.xml:77:13-49
	android:windowSoftInputMode
		ADDED from src\main\AndroidManifest.xml:79:13-52
	android:theme
		ADDED from src\main\AndroidManifest.xml:78:13-66
	android:name
		ADDED from src\main\AndroidManifest.xml:76:13-54
activity#com.geok.langfang.pipeline.statistics.ItemGJDActivity
ADDED from src\main\AndroidManifest.xml:81:9-86:20
	android:screenOrientation
		ADDED from src\main\AndroidManifest.xml:83:13-49
	android:windowSoftInputMode
		ADDED from src\main\AndroidManifest.xml:85:13-52
	android:theme
		ADDED from src\main\AndroidManifest.xml:84:13-66
	android:name
		ADDED from src\main\AndroidManifest.xml:82:13-55
activity#com.geok.langfang.pipeline.statistics.EventupStatisticsActivity
ADDED from src\main\AndroidManifest.xml:87:9-92:20
	android:screenOrientation
		ADDED from src\main\AndroidManifest.xml:89:13-49
	android:windowSoftInputMode
		ADDED from src\main\AndroidManifest.xml:91:13-52
	android:theme
		ADDED from src\main\AndroidManifest.xml:90:13-66
	android:name
		ADDED from src\main\AndroidManifest.xml:88:13-65
activity#com.geok.langfang.pipeline.statistics.StatisticsDevice
ADDED from src\main\AndroidManifest.xml:93:9-98:20
	android:screenOrientation
		ADDED from src\main\AndroidManifest.xml:95:13-49
	android:windowSoftInputMode
		ADDED from src\main\AndroidManifest.xml:97:13-52
	android:theme
		ADDED from src\main\AndroidManifest.xml:96:13-66
	android:name
		ADDED from src\main\AndroidManifest.xml:94:13-56
activity#com.geok.langfang.pipeline.statistics.StatisticsQualifiedRate
ADDED from src\main\AndroidManifest.xml:99:9-104:20
	android:screenOrientation
		ADDED from src\main\AndroidManifest.xml:101:13-49
	android:windowSoftInputMode
		ADDED from src\main\AndroidManifest.xml:103:13-52
	android:theme
		ADDED from src\main\AndroidManifest.xml:102:13-66
	android:name
		ADDED from src\main\AndroidManifest.xml:100:13-63
activity#com.geok.langfang.pipeline.statistics.StatisticsUnqualifiedPerson
ADDED from src\main\AndroidManifest.xml:105:9-110:20
	android:screenOrientation
		ADDED from src\main\AndroidManifest.xml:107:13-49
	android:windowSoftInputMode
		ADDED from src\main\AndroidManifest.xml:109:13-52
	android:theme
		ADDED from src\main\AndroidManifest.xml:108:13-66
	android:name
		ADDED from src\main\AndroidManifest.xml:106:13-67
activity#com.geok.langfang.pipeline.Mywork.Mywork
ADDED from src\main\AndroidManifest.xml:111:9-116:20
	android:screenOrientation
		ADDED from src\main\AndroidManifest.xml:113:13-49
	android:windowSoftInputMode
		ADDED from src\main\AndroidManifest.xml:115:13-52
	android:theme
		ADDED from src\main\AndroidManifest.xml:114:13-66
	android:name
		ADDED from src\main\AndroidManifest.xml:112:13-42
activity#com.geok.langfang.pipeline.Historical_statistics.His_statistics
ADDED from src\main\AndroidManifest.xml:117:9-122:20
	android:screenOrientation
		ADDED from src\main\AndroidManifest.xml:119:13-49
	android:windowSoftInputMode
		ADDED from src\main\AndroidManifest.xml:121:13-52
	android:theme
		ADDED from src\main\AndroidManifest.xml:120:13-66
	android:name
		ADDED from src\main\AndroidManifest.xml:118:13-65
activity#com.geok.langfang.pipeline.Historical_statistics.His_statistics_details
ADDED from src\main\AndroidManifest.xml:123:9-128:20
	android:screenOrientation
		ADDED from src\main\AndroidManifest.xml:125:13-49
	android:windowSoftInputMode
		ADDED from src\main\AndroidManifest.xml:127:13-52
	android:theme
		ADDED from src\main\AndroidManifest.xml:126:13-66
	android:name
		ADDED from src\main\AndroidManifest.xml:124:13-73
activity#com.geok.langfang.pipeline.Mywork.Plan
ADDED from src\main\AndroidManifest.xml:129:9-134:20
	android:screenOrientation
		ADDED from src\main\AndroidManifest.xml:131:13-49
	android:windowSoftInputMode
		ADDED from src\main\AndroidManifest.xml:133:13-52
	android:theme
		ADDED from src\main\AndroidManifest.xml:132:13-66
	android:name
		ADDED from src\main\AndroidManifest.xml:130:13-40
activity#com.geok.langfang.pipeline.Mywork.PlanHistory
ADDED from src\main\AndroidManifest.xml:135:9-140:20
	android:screenOrientation
		ADDED from src\main\AndroidManifest.xml:137:13-49
	android:windowSoftInputMode
		ADDED from src\main\AndroidManifest.xml:139:13-52
	android:theme
		ADDED from src\main\AndroidManifest.xml:138:13-66
	android:name
		ADDED from src\main\AndroidManifest.xml:136:13-47
activity#com.geok.langfang.pipeline.Mywork.PlanHistoryDetial
ADDED from src\main\AndroidManifest.xml:141:9-146:20
	android:screenOrientation
		ADDED from src\main\AndroidManifest.xml:143:13-49
	android:windowSoftInputMode
		ADDED from src\main\AndroidManifest.xml:145:13-52
	android:theme
		ADDED from src\main\AndroidManifest.xml:144:13-66
	android:name
		ADDED from src\main\AndroidManifest.xml:142:13-53
activity#com.geok.langfang.pipeline.Mywork.WorkHistory
ADDED from src\main\AndroidManifest.xml:147:9-152:20
	android:screenOrientation
		ADDED from src\main\AndroidManifest.xml:149:13-49
	android:windowSoftInputMode
		ADDED from src\main\AndroidManifest.xml:151:13-52
	android:theme
		ADDED from src\main\AndroidManifest.xml:150:13-66
	android:name
		ADDED from src\main\AndroidManifest.xml:148:13-47
activity#com.geok.langfang.pipeline.Mywork.MyworkhDetailActivity
ADDED from src\main\AndroidManifest.xml:153:9-158:20
	android:screenOrientation
		ADDED from src\main\AndroidManifest.xml:155:13-49
	android:windowSoftInputMode
		ADDED from src\main\AndroidManifest.xml:157:13-52
	android:theme
		ADDED from src\main\AndroidManifest.xml:156:13-66
	android:name
		ADDED from src\main\AndroidManifest.xml:154:13-57
activity#com.geok.langfang.pipeline.problem.Problem
ADDED from src\main\AndroidManifest.xml:159:9-164:20
	android:screenOrientation
		ADDED from src\main\AndroidManifest.xml:161:13-49
	android:windowSoftInputMode
		ADDED from src\main\AndroidManifest.xml:163:13-52
	android:theme
		ADDED from src\main\AndroidManifest.xml:162:13-66
	android:name
		ADDED from src\main\AndroidManifest.xml:160:13-44
activity#com.geok.langfang.pipeline.problem.ProblemHistory
ADDED from src\main\AndroidManifest.xml:165:9-170:20
	android:screenOrientation
		ADDED from src\main\AndroidManifest.xml:167:13-49
	android:windowSoftInputMode
		ADDED from src\main\AndroidManifest.xml:169:13-52
	android:theme
		ADDED from src\main\AndroidManifest.xml:168:13-66
	android:name
		ADDED from src\main\AndroidManifest.xml:166:13-51
activity#com.geok.langfang.pipeline.search.InfoSearch
ADDED from src\main\AndroidManifest.xml:171:9-176:20
	android:screenOrientation
		ADDED from src\main\AndroidManifest.xml:173:13-49
	android:windowSoftInputMode
		ADDED from src\main\AndroidManifest.xml:175:13-52
	android:theme
		ADDED from src\main\AndroidManifest.xml:174:13-66
	android:name
		ADDED from src\main\AndroidManifest.xml:172:13-46
activity#com.geok.langfang.pipeline.search.Assessment
ADDED from src\main\AndroidManifest.xml:177:9-182:20
	android:screenOrientation
		ADDED from src\main\AndroidManifest.xml:179:13-49
	android:windowSoftInputMode
		ADDED from src\main\AndroidManifest.xml:181:13-52
	android:theme
		ADDED from src\main\AndroidManifest.xml:180:13-66
	android:name
		ADDED from src\main\AndroidManifest.xml:178:13-46
activity#com.geok.langfang.pipeline.search.LineInfo
ADDED from src\main\AndroidManifest.xml:183:9-188:20
	android:screenOrientation
		ADDED from src\main\AndroidManifest.xml:185:13-49
	android:windowSoftInputMode
		ADDED from src\main\AndroidManifest.xml:187:13-52
	android:theme
		ADDED from src\main\AndroidManifest.xml:186:13-66
	android:name
		ADDED from src\main\AndroidManifest.xml:184:13-44
activity#com.geok.langfang.pipeline.search.CurrentLineInfo
ADDED from src\main\AndroidManifest.xml:189:9-194:20
	android:screenOrientation
		ADDED from src\main\AndroidManifest.xml:191:13-49
	android:windowSoftInputMode
		ADDED from src\main\AndroidManifest.xml:193:13-52
	android:theme
		ADDED from src\main\AndroidManifest.xml:192:13-66
	android:name
		ADDED from src\main\AndroidManifest.xml:190:13-51
activity#com.geok.langfang.pipeline.inspection.InspectionRecord
ADDED from src\main\AndroidManifest.xml:195:9-200:20
	android:screenOrientation
		ADDED from src\main\AndroidManifest.xml:197:13-49
	android:windowSoftInputMode
		ADDED from src\main\AndroidManifest.xml:199:13-52
	android:theme
		ADDED from src\main\AndroidManifest.xml:198:13-66
	android:name
		ADDED from src\main\AndroidManifest.xml:196:13-56
activity#com.geok.langfang.pipeline.inspection.InspectionRecordHistory
ADDED from src\main\AndroidManifest.xml:201:9-206:20
	android:screenOrientation
		ADDED from src\main\AndroidManifest.xml:203:13-49
	android:windowSoftInputMode
		ADDED from src\main\AndroidManifest.xml:205:13-52
	android:theme
		ADDED from src\main\AndroidManifest.xml:204:13-66
	android:name
		ADDED from src\main\AndroidManifest.xml:202:13-63
activity#com.geok.langfang.pipeline.inspection.InsepctionRecordDetialNet1
ADDED from src\main\AndroidManifest.xml:207:9-212:20
	android:screenOrientation
		ADDED from src\main\AndroidManifest.xml:209:13-49
	android:windowSoftInputMode
		ADDED from src\main\AndroidManifest.xml:211:13-52
	android:theme
		ADDED from src\main\AndroidManifest.xml:210:13-66
	android:name
		ADDED from src\main\AndroidManifest.xml:208:13-66
activity#com.geok.langfang.pipeline.inspection.InsepctionRecordDetialNet2
ADDED from src\main\AndroidManifest.xml:213:9-218:20
	android:screenOrientation
		ADDED from src\main\AndroidManifest.xml:215:13-49
	android:windowSoftInputMode
		ADDED from src\main\AndroidManifest.xml:217:13-52
	android:theme
		ADDED from src\main\AndroidManifest.xml:216:13-66
	android:name
		ADDED from src\main\AndroidManifest.xml:214:13-66
activity#com.geok.langfang.pipeline.inspection.InsepctionRecordDetial
ADDED from src\main\AndroidManifest.xml:219:9-224:20
	android:screenOrientation
		ADDED from src\main\AndroidManifest.xml:221:13-49
	android:windowSoftInputMode
		ADDED from src\main\AndroidManifest.xml:223:13-52
	android:theme
		ADDED from src\main\AndroidManifest.xml:222:13-66
	android:name
		ADDED from src\main\AndroidManifest.xml:220:13-62
activity#com.geok.langfang.pipeline.dataacquisition.Protect
ADDED from src\main\AndroidManifest.xml:225:9-230:20
	android:screenOrientation
		ADDED from src\main\AndroidManifest.xml:227:13-49
	android:windowSoftInputMode
		ADDED from src\main\AndroidManifest.xml:229:13-52
	android:theme
		ADDED from src\main\AndroidManifest.xml:228:13-66
	android:name
		ADDED from src\main\AndroidManifest.xml:226:13-52
activity#com.geok.langfang.pipeline.dataacquisition.Natural
ADDED from src\main\AndroidManifest.xml:231:9-236:20
	android:screenOrientation
		ADDED from src\main\AndroidManifest.xml:233:13-49
	android:windowSoftInputMode
		ADDED from src\main\AndroidManifest.xml:235:13-52
	android:theme
		ADDED from src\main\AndroidManifest.xml:234:13-66
	android:name
		ADDED from src\main\AndroidManifest.xml:232:13-52
activity#com.geok.langfang.pipeline.dataacquisition.Ground
ADDED from src\main\AndroidManifest.xml:237:9-242:20
	android:screenOrientation
		ADDED from src\main\AndroidManifest.xml:239:13-49
	android:windowSoftInputMode
		ADDED from src\main\AndroidManifest.xml:241:13-52
	android:theme
		ADDED from src\main\AndroidManifest.xml:240:13-66
	android:name
		ADDED from src\main\AndroidManifest.xml:238:13-51
activity#com.geok.langfang.pipeline.dataacquisition.Corrosive
ADDED from src\main\AndroidManifest.xml:243:9-248:20
	android:screenOrientation
		ADDED from src\main\AndroidManifest.xml:245:13-49
	android:windowSoftInputMode
		ADDED from src\main\AndroidManifest.xml:247:13-52
	android:theme
		ADDED from src\main\AndroidManifest.xml:246:13-66
	android:name
		ADDED from src\main\AndroidManifest.xml:244:13-54
activity#com.geok.langfang.pipeline.dataacquisition.ProtectHistory
ADDED from src\main\AndroidManifest.xml:249:9-254:20
	android:screenOrientation
		ADDED from src\main\AndroidManifest.xml:251:13-49
	android:windowSoftInputMode
		ADDED from src\main\AndroidManifest.xml:253:13-52
	android:theme
		ADDED from src\main\AndroidManifest.xml:252:13-66
	android:name
		ADDED from src\main\AndroidManifest.xml:250:13-59
activity#com.geok.langfang.pipeline.dataacquisition.ProtectHistoryDetail
ADDED from src\main\AndroidManifest.xml:255:9-260:20
	android:screenOrientation
		ADDED from src\main\AndroidManifest.xml:257:13-49
	android:windowSoftInputMode
		ADDED from src\main\AndroidManifest.xml:259:13-52
	android:theme
		ADDED from src\main\AndroidManifest.xml:258:13-66
	android:name
		ADDED from src\main\AndroidManifest.xml:256:13-65
activity#com.geok.langfang.pipeline.dataacquisition.ProtectHistoryDetailQuery
ADDED from src\main\AndroidManifest.xml:261:9-266:20
	android:screenOrientation
		ADDED from src\main\AndroidManifest.xml:263:13-49
	android:windowSoftInputMode
		ADDED from src\main\AndroidManifest.xml:265:13-52
	android:theme
		ADDED from src\main\AndroidManifest.xml:264:13-66
	android:name
		ADDED from src\main\AndroidManifest.xml:262:13-70
activity#com.geok.langfang.pipeline.dataacquisition.NaturalHistoryDetailQuery
ADDED from src\main\AndroidManifest.xml:267:9-272:20
	android:screenOrientation
		ADDED from src\main\AndroidManifest.xml:269:13-49
	android:windowSoftInputMode
		ADDED from src\main\AndroidManifest.xml:271:13-52
	android:theme
		ADDED from src\main\AndroidManifest.xml:270:13-66
	android:name
		ADDED from src\main\AndroidManifest.xml:268:13-70
activity#com.geok.langfang.pipeline.dataacquisition.GroundHistoryDetailQuery
ADDED from src\main\AndroidManifest.xml:273:9-278:20
	android:screenOrientation
		ADDED from src\main\AndroidManifest.xml:275:13-49
	android:windowSoftInputMode
		ADDED from src\main\AndroidManifest.xml:277:13-52
	android:theme
		ADDED from src\main\AndroidManifest.xml:276:13-66
	android:name
		ADDED from src\main\AndroidManifest.xml:274:13-69
activity#com.geok.langfang.pipeline.dataacquisition.CorrosiveHistoryDetailQuery
ADDED from src\main\AndroidManifest.xml:279:9-284:20
	android:screenOrientation
		ADDED from src\main\AndroidManifest.xml:281:13-49
	android:windowSoftInputMode
		ADDED from src\main\AndroidManifest.xml:283:13-52
	android:theme
		ADDED from src\main\AndroidManifest.xml:282:13-66
	android:name
		ADDED from src\main\AndroidManifest.xml:280:13-72
activity#com.geok.langfang.pipeline.dataacquisition.NaturalHistory
ADDED from src\main\AndroidManifest.xml:285:9-290:20
	android:screenOrientation
		ADDED from src\main\AndroidManifest.xml:287:13-49
	android:windowSoftInputMode
		ADDED from src\main\AndroidManifest.xml:289:13-52
	android:theme
		ADDED from src\main\AndroidManifest.xml:288:13-66
	android:name
		ADDED from src\main\AndroidManifest.xml:286:13-59
activity#com.geok.langfang.pipeline.dataacquisition.NaturalHistoryDetail
ADDED from src\main\AndroidManifest.xml:291:9-296:20
	android:screenOrientation
		ADDED from src\main\AndroidManifest.xml:293:13-49
	android:windowSoftInputMode
		ADDED from src\main\AndroidManifest.xml:295:13-52
	android:theme
		ADDED from src\main\AndroidManifest.xml:294:13-66
	android:name
		ADDED from src\main\AndroidManifest.xml:292:13-65
activity#com.geok.langfang.pipeline.dataacquisition.GroundHistory
ADDED from src\main\AndroidManifest.xml:297:9-302:20
	android:screenOrientation
		ADDED from src\main\AndroidManifest.xml:299:13-49
	android:windowSoftInputMode
		ADDED from src\main\AndroidManifest.xml:301:13-52
	android:theme
		ADDED from src\main\AndroidManifest.xml:300:13-66
	android:name
		ADDED from src\main\AndroidManifest.xml:298:13-58
activity#com.geok.langfang.pipeline.dataacquisition.GroundHistoryDetail
ADDED from src\main\AndroidManifest.xml:303:9-308:20
	android:screenOrientation
		ADDED from src\main\AndroidManifest.xml:305:13-49
	android:windowSoftInputMode
		ADDED from src\main\AndroidManifest.xml:307:13-52
	android:theme
		ADDED from src\main\AndroidManifest.xml:306:13-66
	android:name
		ADDED from src\main\AndroidManifest.xml:304:13-64
activity#com.geok.langfang.pipeline.dataacquisition.CorrosiveHistory
ADDED from src\main\AndroidManifest.xml:309:9-314:20
	android:screenOrientation
		ADDED from src\main\AndroidManifest.xml:311:13-49
	android:windowSoftInputMode
		ADDED from src\main\AndroidManifest.xml:313:13-52
	android:theme
		ADDED from src\main\AndroidManifest.xml:312:13-66
	android:name
		ADDED from src\main\AndroidManifest.xml:310:13-61
activity#com.geok.langfang.pipeline.dataacquisition.CorrosiveHistoryDetail
ADDED from src\main\AndroidManifest.xml:315:9-320:20
	android:screenOrientation
		ADDED from src\main\AndroidManifest.xml:317:13-49
	android:windowSoftInputMode
		ADDED from src\main\AndroidManifest.xml:319:13-52
	android:theme
		ADDED from src\main\AndroidManifest.xml:318:13-66
	android:name
		ADDED from src\main\AndroidManifest.xml:316:13-67
activity#com.geok.langfang.pipeline.setting.Setting
ADDED from src\main\AndroidManifest.xml:321:9-326:20
	android:screenOrientation
		ADDED from src\main\AndroidManifest.xml:323:13-49
	android:windowSoftInputMode
		ADDED from src\main\AndroidManifest.xml:325:13-52
	android:theme
		ADDED from src\main\AndroidManifest.xml:324:13-66
	android:name
		ADDED from src\main\AndroidManifest.xml:322:13-44
activity#com.geok.langfang.pipeline.setting.SettingDtial
ADDED from src\main\AndroidManifest.xml:327:9-332:20
	android:screenOrientation
		ADDED from src\main\AndroidManifest.xml:329:13-49
	android:windowSoftInputMode
		ADDED from src\main\AndroidManifest.xml:331:13-52
	android:theme
		ADDED from src\main\AndroidManifest.xml:330:13-66
	android:name
		ADDED from src\main\AndroidManifest.xml:328:13-49
activity#com.geok.langfang.pipeline.setting.Sync
ADDED from src\main\AndroidManifest.xml:333:9-338:20
	android:screenOrientation
		ADDED from src\main\AndroidManifest.xml:335:13-49
	android:windowSoftInputMode
		ADDED from src\main\AndroidManifest.xml:337:13-52
	android:theme
		ADDED from src\main\AndroidManifest.xml:336:13-66
	android:name
		ADDED from src\main\AndroidManifest.xml:334:13-41
activity#com.geok.langfang.pipeline.alarm.Alarm
ADDED from src\main\AndroidManifest.xml:339:9-344:20
	android:screenOrientation
		ADDED from src\main\AndroidManifest.xml:341:13-49
	android:windowSoftInputMode
		ADDED from src\main\AndroidManifest.xml:343:13-52
	android:theme
		ADDED from src\main\AndroidManifest.xml:342:13-66
	android:name
		ADDED from src\main\AndroidManifest.xml:340:13-40
activity#com.geok.langfang.pipeline.alarm.AlarmDetial
ADDED from src\main\AndroidManifest.xml:345:9-350:20
	android:screenOrientation
		ADDED from src\main\AndroidManifest.xml:347:13-49
	android:windowSoftInputMode
		ADDED from src\main\AndroidManifest.xml:349:13-52
	android:theme
		ADDED from src\main\AndroidManifest.xml:348:13-66
	android:name
		ADDED from src\main\AndroidManifest.xml:346:13-46
activity#com.geok.langfang.tools.DialogEditActivity
ADDED from src\main\AndroidManifest.xml:351:9-356:20
	android:screenOrientation
		ADDED from src\main\AndroidManifest.xml:353:13-49
	android:windowSoftInputMode
		ADDED from src\main\AndroidManifest.xml:355:13-52
	android:theme
		ADDED from src\main\AndroidManifest.xml:354:13-56
	android:name
		ADDED from src\main\AndroidManifest.xml:352:13-70
activity#com.geok.langfang.tools.DialogActivity
ADDED from src\main\AndroidManifest.xml:357:9-362:20
	android:screenOrientation
		ADDED from src\main\AndroidManifest.xml:359:13-49
	android:windowSoftInputMode
		ADDED from src\main\AndroidManifest.xml:361:13-52
	android:theme
		ADDED from src\main\AndroidManifest.xml:360:13-56
	android:name
		ADDED from src\main\AndroidManifest.xml:358:13-66
activity#com.geok.langfang.tools.DialogEditIpActivity
ADDED from src\main\AndroidManifest.xml:363:9-368:20
	android:screenOrientation
		ADDED from src\main\AndroidManifest.xml:365:13-49
	android:windowSoftInputMode
		ADDED from src\main\AndroidManifest.xml:367:13-52
	android:theme
		ADDED from src\main\AndroidManifest.xml:366:13-56
	android:name
		ADDED from src\main\AndroidManifest.xml:364:13-72
activity#com.geok.langfang.pipeline.UpdateActivity
ADDED from src\main\AndroidManifest.xml:375:9-381:20
	android:screenOrientation
		ADDED from src\main\AndroidManifest.xml:378:13-49
	android:label
		ADDED from src\main\AndroidManifest.xml:377:13-45
	android:windowSoftInputMode
		ADDED from src\main\AndroidManifest.xml:380:13-52
	android:theme
		ADDED from src\main\AndroidManifest.xml:379:13-56
	android:name
		ADDED from src\main\AndroidManifest.xml:376:13-43
activity#com.geok.langfang.tools.TreeView
ADDED from src\main\AndroidManifest.xml:382:9-386:20
	android:screenOrientation
		ADDED from src\main\AndroidManifest.xml:384:13-49
	android:theme
		ADDED from src\main\AndroidManifest.xml:385:13-56
	android:name
		ADDED from src\main\AndroidManifest.xml:383:13-60
activity#com.geok.langfang.pipeline.problem.GrallyImage
ADDED from src\main\AndroidManifest.xml:387:9-392:20
	android:screenOrientation
		ADDED from src\main\AndroidManifest.xml:389:13-49
	android:theme
		ADDED from src\main\AndroidManifest.xml:390:13-66
	android:name
		ADDED from src\main\AndroidManifest.xml:388:13-74
activity#com.geok.langfang.pipeline.problem.EditGallery
ADDED from src\main\AndroidManifest.xml:393:9-398:20
	android:screenOrientation
		ADDED from src\main\AndroidManifest.xml:395:13-49
	android:theme
		ADDED from src\main\AndroidManifest.xml:396:13-66
	android:name
		ADDED from src\main\AndroidManifest.xml:394:13-74
activity#com.geok.langfang.pipeline.problem.ProblemHistoryDetial
ADDED from src\main\AndroidManifest.xml:399:9-404:20
	android:screenOrientation
		ADDED from src\main\AndroidManifest.xml:401:13-49
	android:windowSoftInputMode
		ADDED from src\main\AndroidManifest.xml:403:13-52
	android:theme
		ADDED from src\main\AndroidManifest.xml:402:13-66
	android:name
		ADDED from src\main\AndroidManifest.xml:400:13-57
activity#com.geok.langfang.pipeline.problem.ProblemHistoryDetialNet
ADDED from src\main\AndroidManifest.xml:405:9-410:20
	android:screenOrientation
		ADDED from src\main\AndroidManifest.xml:407:13-49
	android:windowSoftInputMode
		ADDED from src\main\AndroidManifest.xml:409:13-52
	android:theme
		ADDED from src\main\AndroidManifest.xml:408:13-66
	android:name
		ADDED from src\main\AndroidManifest.xml:406:13-60
activity#com.geok.langfang.pipeline.notification.Notification
ADDED from src\main\AndroidManifest.xml:411:9-416:20
	android:screenOrientation
		ADDED from src\main\AndroidManifest.xml:413:13-49
	android:windowSoftInputMode
		ADDED from src\main\AndroidManifest.xml:415:13-52
	android:theme
		ADDED from src\main\AndroidManifest.xml:414:13-66
	android:name
		ADDED from src\main\AndroidManifest.xml:412:13-54
activity#com.geok.langfang.pipeline.notification.NotificationDetail
ADDED from src\main\AndroidManifest.xml:417:9-422:20
	android:screenOrientation
		ADDED from src\main\AndroidManifest.xml:419:13-49
	android:windowSoftInputMode
		ADDED from src\main\AndroidManifest.xml:421:13-52
	android:theme
		ADDED from src\main\AndroidManifest.xml:420:13-66
	android:name
		ADDED from src\main\AndroidManifest.xml:418:13-60
activity#com.geok.langfang.pipeline.dataacquisition.DataAcquisition
ADDED from src\main\AndroidManifest.xml:423:9-428:20
	android:screenOrientation
		ADDED from src\main\AndroidManifest.xml:425:13-49
	android:windowSoftInputMode
		ADDED from src\main\AndroidManifest.xml:427:13-52
	android:theme
		ADDED from src\main\AndroidManifest.xml:426:13-66
	android:name
		ADDED from src\main\AndroidManifest.xml:424:13-60
activity#com.geok.langfang.pipeline.toolcase.ToolCase
ADDED from src\main\AndroidManifest.xml:429:9-434:20
	android:screenOrientation
		ADDED from src\main\AndroidManifest.xml:431:13-49
	android:windowSoftInputMode
		ADDED from src\main\AndroidManifest.xml:433:13-52
	android:theme
		ADDED from src\main\AndroidManifest.xml:432:13-66
	android:name
		ADDED from src\main\AndroidManifest.xml:430:13-46
activity#com.geok.langfang.pipeline.toolcase.KeypointAcquisition
ADDED from src\main\AndroidManifest.xml:435:9-440:20
	android:screenOrientation